[C] started listening on port 55814
[C] started listening on port 55815
[C] started listening on port 55816
[C] accepted connection from port 12346
[C] accepted connection from port 12347
[C] accepted connection from port 12348
[C] message received from 12346: "JOIN 12346"
[C] JOIN received from 12346
[C] message received from 12347: "JOIN 12347"
[C] JOIN received from 12347
[C] message received from 12348: "JOIN 12348"
[C] JOIN received from 12348
[C] message sent to 12348: "DETAILS 12346 12347"
[C] message sent to 12347: "DETAILS 12346 12348"
[C] message sent to 12346: "DETAILS 12347 12348"
[C] details sent to 12347: 12346, 12348
[C] details sent to 12346: 12347, 12348
[C] details sent to 12348: 12346, 12347
[C] message sent to 12347: "VOTE_OPTIONS A B C "
[C] message sent to 12346: "VOTE_OPTIONS A B C "
[C] message sent to 12348: "VOTE_OPTIONS A B C "
[C] vote options sent to 12348: A, B, C
[C] vote options sent to 12347: A, B, C
[C] vote options sent to 12346: A, B, C
[C] message received from 12347: "OUTCOME A 12347 12346 12348"
[C] message received from 12348: "OUTCOME A 12348 12346 12347"
[C] outcome A received from 12348
[C] message received from 12346: "OUTCOME A 12346 12347 12348"
[C] outcome A received from 12346
[C] outcome A received from 12347
