[P12348] started listening on port 12348
[P12348] connection established to port 4432
[P12348] JOIN sent to Coordinator on port 4432
[P12348] message received from 4432: "DETAILS 12346 12347"
[P12348] received participant ports: 12346, 12347
[P12348] message received from 4432: "VOTE_OPTIONS A B C "
[P12348] received vote options: A, B, C
[P12348] begin round 1
[P12348] connection established to port 12346
[P12348] message sent to 12346: "VOTE 12348 C"
[P12348] votes sent to 12346: <12348, C>
[P12348] connection established to port 12347
[P12348] message sent to 12347: "VOTE 12348 C"
[P12348] votes sent to 12347: <12348, C>
[P12348] accepted connection from port 58501
[P12348] accepted connection from port 58502
[P12348] message received from 58501: "VOTE 12346 C"
[P12348] message received from 58502: "VOTE 12347 B"
[P12348] votes received from 58502: <12347, B>
[P12348] votes received from 58501: <12346, C>
[P12348] end round 1
[P12348] begin round 2
[P12348] message sent to 12346: "VOTE 12346 C"
[P12348] message sent to 12346: "VOTE 12347 B"
[P12348] votes sent to 12346: <12346, C>, <12347, B>
[P12348] message received from 58501: "VOTE 12348 C"
[P12348] message sent to 12347: "VOTE 12346 C"
[P12348] message received from 58502: "VOTE 12348 C"
[P12348] message sent to 12347: "VOTE 12347 B"
[P12348] votes sent to 12347: <12346, C>, <12347, B>
[P12348] message received from 58502: "VOTE 12346 C"
[P12348] message received from 58501: "VOTE 12347 B"
[P12348] votes received from 58502: <12348, C>, <12346, C>
[P12348] votes received from 58501: <12348, C>, <12347, B>
[P12348] end round 2
[P12348] begin round 3
[P12348] votes sent to 12346: 
[P12348] votes sent to 12347: 
[P12348] end round 3
[P12348] begin round 4
[P12348] votes sent to 12346: 
[P12348] votes sent to 12347: 
[P12348] end round 4
[P12348] outcome vote decided: C(based on votes of Participants 12348, 12346, 12347)
[P12348] message sent to 4432: "OUTCOME C 12348 12346 12347"
[P12348] outcome vote sent to Coordinator: C(based on votes of Participants 12348, 12346, 12347)
