[P12347] started listening on port 12347
[P12347] connection established to port 4432
[P12347] JOIN sent to Coordinator on port 4432
[P12347] message received from 4432: "DETAILS 12346 12348"
[P12347] received participant ports: 12346, 12348
[P12347] message received from 4432: "VOTE_OPTIONS A B C "
[P12347] received vote options: A, B, C
[P12347] begin round 1
[P12347] connection established to port 12346
[P12347] accepted connection from port 58524
[P12347] message sent to 12346: "VOTE 12347 A"
[P12347] message received from 58524: "VOTE 12346 B"
[P12347] accepted connection from port 58526
[P12347] votes sent to 12346: <12347, A>
[P12347] message received from 58526: "VOTE 12348 B"
[P12347] connection established to port 12348
[P12347] message sent to 12348: "VOTE 12347 A"
[P12347] votes sent to 12348: <12347, A>
[P12347] votes received from 58524: <12346, B>
[P12347] votes received from 58526: <12348, B>
[P12347] end round 1
[P12347] begin round 2
[P12347] message sent to 12346: "VOTE 12348 B"
[P12347] message received from 58524: "VOTE 12348 B"
[P12347] message sent to 12346: "VOTE 12346 B"
[P12347] votes sent to 12346: <12348, B>, <12346, B>
[P12347] message received from 58526: "VOTE 12346 B"
[P12347] message sent to 12348: "VOTE 12348 B"
[P12347] message sent to 12348: "VOTE 12346 B"
[P12347] votes sent to 12348: <12348, B>, <12346, B>
[P12347] message received from 58526: "VOTE 12347 A"
[P12347] message received from 58524: "VOTE 12347 A"
[P12347] votes received from 58524: <12348, B>, <12347, A>
[P12347] votes received from 58526: <12346, B>, <12347, A>
[P12347] end round 2
[P12347] begin round 3
[P12347] end round 3
[P12347] begin round 4
[P12347] end round 4
[P12347] outcome vote decided: B(based on votes of Participants 12347, 12346, 12348)
[P12347] message sent to 4432: "OUTCOME B 12347 12346 12348"
[P12347] outcome vote sent to Coordinator: B(based on votes of Participants 12347, 12346, 12348)
