[P12346] started listening on port 12346
[P12346] connection established to port 4432
[P12346] JOIN sent to Coordinator on port 4432
[P12346] message received from 4432: "DETAILS 12347 12348"
[P12346] received participant ports: 12347, 12348
[P12346] message received from 4432: "VOTE_OPTIONS A B C "
[P12346] received vote options: A, B, C
[P12346] begin round 1
[P12346] connection established to port 12347
[P12346] accepted connection from port 58498
[P12346] message sent to 12347: "VOTE 12346 C"
[P12346] accepted connection from port 58497
[P12346] votes sent to 12347: <12346, C>
[P12346] message received from 58497: "VOTE 12347 B"
[P12346] message received from 58498: "VOTE 12348 C"
[P12346] connection established to port 12348
[P12346] message sent to 12348: "VOTE 12346 C"
[P12346] votes sent to 12348: <12346, C>
[P12346] votes received from 58498: <12348, C>
[P12346] votes received from 58497: <12347, B>
[P12346] end round 1
[P12346] begin round 2
[P12346] message sent to 12347: "VOTE 12348 C"
[P12346] message received from 58498: "VOTE 12346 C"
[P12346] message received from 58497: "VOTE 12348 C"
[P12346] message sent to 12347: "VOTE 12347 B"
[P12346] votes sent to 12347: <12348, C>, <12347, B>
[P12346] message sent to 12348: "VOTE 12348 C"
[P12346] message sent to 12348: "VOTE 12347 B"
[P12346] votes sent to 12348: <12348, C>, <12347, B>
[P12346] message received from 58498: "VOTE 12347 B"
[P12346] message received from 58497: "VOTE 12346 C"
[P12346] votes received from 58498: <12346, C>, <12347, B>
[P12346] votes received from 58497: <12348, C>, <12346, C>
[P12346] end round 2
[P12346] begin round 3
[P12346] votes sent to 12347: 
[P12346] votes sent to 12348: 
[P12346] end round 3
[P12346] begin round 4
[P12346] votes sent to 12347: 
[P12346] votes sent to 12348: 
[P12346] end round 4
[P12346] outcome vote decided: C(based on votes of Participants 12346, 12347, 12348)
[P12346] message sent to 4432: "OUTCOME C 12346 12347 12348"
[P12346] outcome vote sent to Coordinator: C(based on votes of Participants 12346, 12347, 12348)
