[P12346] started listening on port 12346
[P12346] connection established to port 4432
[P12346] JOIN sent to Coordinator on port 4432
[P12346] message received from 4432: "DETAILS 12347 12348"
[P12346] received participant ports: 12347, 12348
[P12346] message received from 4432: "VOTE_OPTIONS A B C "
[P12346] received vote options: A, B, C
[P12346] begin round 1
[P12346] connection established to port 12347
[P12346] accepted connection from port 58546
[P12346] message sent to 12347: "VOTE 12346 A"
[P12346] accepted connection from port 58547
[P12346] votes sent to 12347: <12346, A>
[P12346] message received from 58547: "VOTE 12348 B"
[P12346] message received from 58546: "VOTE 12347 C"
[P12346] connection established to port 12348
[P12346] message sent to 12348: "VOTE 12346 A"
[P12346] votes sent to 12348: <12346, A>
[P12346] votes received from 58547: <12348, B>
[P12346] votes received from 58546: <12347, C>
[P12346] end round 1
[P12346] begin round 2
[P12346] message sent to 12347: "VOTE 12348 B"
[P12346] message received from 58546: "VOTE 12348 B"
[P12346] message sent to 12347: "VOTE 12347 C"
[P12346] votes sent to 12347: <12348, B>, <12347, C>
[P12346] message sent to 12348: "VOTE 12348 B"
[P12346] message sent to 12348: "VOTE 12347 C"
[P12346] votes sent to 12348: <12348, B>, <12347, C>
[P12346] message received from 58546: "VOTE 12346 A"
[P12346] votes received from 58546: <12348, B>, <12346, A>
[P12346] participant crashed: 58547
[P12346] end round 2
[P12346] begin round 3
[P12346] end round 3
[P12346] begin round 4
[P12346] end round 4
[P12346] outcome vote decided: A(based on votes of Participants 12346, 12347, 12348)
[P12346] message sent to 4432: "OUTCOME A 12346 12347 12348"
[P12346] outcome vote sent to Coordinator: A(based on votes of Participants 12346, 12347, 12348)
