[P12347] started listening on port 12347
[P12347] connection established to port 4432
[P12347] JOIN sent to Coordinator on port 4432
[P12347] message received from 4432: "DETAILS 12346 12348"
[P12347] received participant ports: 12346, 12348
[P12347] message received from 4432: "VOTE_OPTIONS A B C "
[P12347] received vote options: A, B, C
[P12347] begin round 1
[P12347] connection established to port 12346
[P12347] accepted connection from port 58499
[P12347] message sent to 12346: "VOTE 12347 B"
[P12347] message received from 58499: "VOTE 12346 C"
[P12347] votes sent to 12346: <12347, B>
[P12347] accepted connection from port 58500
[P12347] message received from 58500: "VOTE 12348 C"
[P12347] connection established to port 12348
[P12347] message sent to 12348: "VOTE 12347 B"
[P12347] votes sent to 12348: <12347, B>
[P12347] votes received from 58499: <12346, C>
[P12347] votes received from 58500: <12348, C>
[P12347] end round 1
[P12347] begin round 2
[P12347] message sent to 12346: "VOTE 12348 C"
[P12347] message received from 58499: "VOTE 12348 C"
[P12347] message sent to 12346: "VOTE 12346 C"
[P12347] votes sent to 12346: <12348, C>, <12346, C>
[P12347] message sent to 12348: "VOTE 12348 C"
[P12347] message received from 58500: "VOTE 12346 C"
[P12347] message sent to 12348: "VOTE 12346 C"
[P12347] votes sent to 12348: <12348, C>, <12346, C>
[P12347] message received from 58500: "VOTE 12347 B"
[P12347] message received from 58499: "VOTE 12347 B"
[P12347] votes received from 58499: <12348, C>, <12347, B>
[P12347] votes received from 58500: <12346, C>, <12347, B>
[P12347] end round 2
[P12347] begin round 3
[P12347] votes sent to 12346: 
[P12347] votes sent to 12348: 
[P12347] end round 3
[P12347] begin round 4
[P12347] votes sent to 12346: 
[P12347] votes sent to 12348: 
[P12347] end round 4
[P12347] outcome vote decided: C(based on votes of Participants 12347, 12346, 12348)
[P12347] message sent to 4432: "OUTCOME C 12347 12346 12348"
[P12347] outcome vote sent to Coordinator: C(based on votes of Participants 12347, 12346, 12348)
