[P12348] started listening on port 12348
[P12348] connection established to port 4432
[P12348] JOIN sent to Coordinator on port 4432
[P12348] message received from 4432: "DETAILS 12346 12347"
[P12348] received participant ports: 12346, 12347
[P12348] message received from 4432: "VOTE_OPTIONS A B C "
[P12348] received vote options: A, B, C
[P12348] begin round 1
[P12348] connection established to port 12346
[P12348] message sent to 12346: "VOTE 12348 B"
[P12348] votes sent to 12346: <12348, B>
[P12348] connection established to port 12347
[P12348] message sent to 12347: "VOTE 12348 B"
[P12348] votes sent to 12347: <12348, B>
[P12348] accepted connection from port 58527
[P12348] accepted connection from port 58528
[P12348] message received from 58527: "VOTE 12346 B"
[P12348] message received from 58528: "VOTE 12347 A"
[P12348] votes received from 58527: <12346, B>
[P12348] votes received from 58528: <12347, A>
[P12348] end round 1
[P12348] begin round 2
[P12348] message sent to 12346: "VOTE 12346 B"
[P12348] message sent to 12346: "VOTE 12347 A"
[P12348] votes sent to 12346: <12346, B>, <12347, A>
[P12348] message sent to 12347: "VOTE 12346 B"
[P12348] message received from 58527: "VOTE 12348 B"
[P12348] message sent to 12347: "VOTE 12347 A"
[P12348] message received from 58528: "VOTE 12348 B"
[P12348] votes sent to 12347: <12346, B>, <12347, A>
[P12348] message received from 58528: "VOTE 12346 B"
[P12348] message received from 58527: "VOTE 12347 A"
[P12348] votes received from 58527: <12348, B>, <12347, A>
[P12348] votes received from 58528: <12348, B>, <12346, B>
[P12348] end round 2
[P12348] begin round 3
[P12348] end round 3
[P12348] begin round 4
[P12348] end round 4
[P12348] outcome vote decided: B(based on votes of Participants 12348, 12346, 12347)
[P12348] message sent to 4432: "OUTCOME B 12348 12346 12347"
[P12348] outcome vote sent to Coordinator: B(based on votes of Participants 12348, 12346, 12347)
