[P12348] started listening on port 12348
[P12348] connection established to port 4432
[P12348] JOIN sent to Coordinator on port 4432
[P12348] message received from 4432: "DETAILS 12346 12347"
[P12348] received participant ports: 12346, 12347
[P12348] message received from 4432: "VOTE_OPTIONS A B C "
[P12348] received vote options: A, B, C
[P12348] begin round 1
[P12348] connection established to port 12346
[P12348] message sent to 12346: "VOTE 12348 B"
[P12348] votes sent to 12346: <12348, B>
[P12348] connection established to port 12347
[P12348] message sent to 12347: "VOTE 12348 B"
[P12348] votes sent to 12347: <12348, B>
[P12348] accepted connection from port 58550
[P12348] accepted connection from port 58551
[P12348] message received from 58550: "VOTE 12346 A"
[P12348] message received from 58551: "VOTE 12347 C"
[P12348] votes received from 58550: <12346, A>
[P12348] votes received from 58551: <12347, C>
[P12348] end round 1
[P12348] begin round 2
